e:\directx3d\00_start\debug_framework\framework.pch
e:\directx3d\00_start\debug_framework\framework.pdb
e:\directx3d\00_start\debug_framework\framework.idb
e:\directx3d\00_start\debug_framework\framework.obj
e:\directx3d\00_start\debug_framework\math.obj
e:\directx3d\00_start\debug_framework\perspective.obj
e:\directx3d\00_start\debug_framework\binaryfile.obj
e:\directx3d\00_start\debug_framework\viewport.obj
e:\directx3d\00_start\debug_framework\path.obj
e:\directx3d\00_start\debug_framework\mouse.obj
e:\directx3d\00_start\debug_framework\xml.obj
e:\directx3d\00_start\debug_framework\d3d.obj
e:\directx3d\00_start\debug_framework\context.obj
e:\directx3d\00_start\debug_framework\orthographic.obj
e:\directx3d\00_start\debug_framework\window.obj
e:\directx3d\00_start\debug_framework\projection.obj
e:\directx3d\00_start\debug_framework\time.obj
e:\directx3d\00_start\debug_framework\keyboard.obj
e:\directx3d\00_start\debug_framework\string.obj
e:\directx3d\00_start\debug_framework\gui.obj
e:\directx3d\00_start\debug_framework\shader.obj
e:\directx3d\00_start\debug_framework\texture.obj
e:\directx3d\00_start\debug\framework.lib
e:\directx3d\00_start\debug\framework.pdb
e:\directx3d\00_start\debug_framework\framework.tlog\cl.command.1.tlog
e:\directx3d\00_start\debug_framework\framework.tlog\cl.read.1.tlog
e:\directx3d\00_start\debug_framework\framework.tlog\cl.write.1.tlog
e:\directx3d\00_start\debug_framework\framework.tlog\lib-link.read.1.tlog
e:\directx3d\00_start\debug_framework\framework.tlog\lib-link.write.1.tlog
e:\directx3d\00_start\debug_framework\framework.tlog\lib.command.1.tlog
